<?xml version="1.0" encoding="UTF-8"?>
<testng-results ignored="0" total="2" passed="2" failed="0" skipped="0">
  <reporter-output>
  </reporter-output>
  <suite started-at="2021-11-05T18:17:30 IST" name="HRM Test Suite" finished-at="2021-11-05T18:17:40 IST" duration-ms="10738">
    <groups>
    </groups>
    <test started-at="2021-11-05T18:17:30 IST" name="pending Leave Request Test Case" finished-at="2021-11-05T18:17:36 IST" duration-ms="6144">
      <class name="com.OrangeHRM_TestCases.TC_Test_Pending_Leave_Request">
        <test-method signature="verfiyPendingLeaveRequests()[pri:0, instance:com.OrangeHRM_TestCases.TC_Test_Pending_Leave_Request@3835c46]" started-at="2021-11-05T18:17:30 IST" name="verfiyPendingLeaveRequests" finished-at="2021-11-05T18:17:36 IST" duration-ms="6023" status="PASS">
          <reporter-output>
          </reporter-output>
        </test-method> <!-- verfiyPendingLeaveRequests -->
      </class> <!-- com.OrangeHRM_TestCases.TC_Test_Pending_Leave_Request -->
    </test> <!-- pending Leave Request Test Case -->
    <test started-at="2021-11-05T18:17:36 IST" name="Check user Role Test Case" finished-at="2021-11-05T18:17:40 IST" duration-ms="4498">
      <class name="com.OrangeHRM_TestCases.TC_Test_User_Role">
        <test-method is-config="true" signature="launchBrowser()[pri:0, instance:com.OrangeHRM_TestCases.TC_Test_User_Role@7b9a4292]" started-at="2021-11-05T18:17:17 IST" name="launchBrowser" finished-at="2021-11-05T18:17:30 IST" duration-ms="12675" status="PASS">
          <reporter-output>
          </reporter-output>
        </test-method> <!-- launchBrowser -->
        <test-method signature="checkUserRole()[pri:0, instance:com.OrangeHRM_TestCases.TC_Test_User_Role@7b9a4292]" started-at="2021-11-05T18:17:36 IST" name="checkUserRole" finished-at="2021-11-05T18:17:40 IST" duration-ms="4491" status="PASS">
          <reporter-output>
          </reporter-output>
        </test-method> <!-- checkUserRole -->
        <test-method is-config="true" signature="tearDown()[pri:0, instance:com.OrangeHRM_TestCases.TC_Test_User_Role@7b9a4292]" started-at="2021-11-05T18:17:40 IST" name="tearDown" finished-at="2021-11-05T18:17:40 IST" duration-ms="1" status="PASS">
          <reporter-output>
          </reporter-output>
        </test-method> <!-- tearDown -->
      </class> <!-- com.OrangeHRM_TestCases.TC_Test_User_Role -->
    </test> <!-- Check user Role Test Case -->
  </suite> <!-- HRM Test Suite -->
</testng-results>
